2023/10/31 04:23:23 [notice] 16#16: using the "epoll" event method
2023/10/31 04:23:23 [notice] 16#16: nginx/1.25.2
2023/10/31 04:23:23 [notice] 16#16: built by gcc 10.2.1 20210110 (Debian 10.2.1-6) 
2023/10/31 04:23:23 [notice] 16#16: OS: Linux 5.15.90.1-microsoft-standard-WSL2
2023/10/31 04:23:23 [notice] 16#16: getrlimit(RLIMIT_NOFILE): 1048576:1048576
2023/10/31 04:23:23 [notice] 16#16: start worker processes
2023/10/31 04:23:23 [notice] 16#16: start worker process 17
2023/10/31 04:23:23 [notice] 16#16: start worker process 18
2023/10/31 04:23:23 [notice] 16#16: start worker process 19
2023/10/31 04:23:23 [notice] 16#16: start worker process 20
2023/10/31 04:23:23 [notice] 16#16: start worker process 21
2023/10/31 04:23:23 [notice] 16#16: start worker process 22
2023/10/31 04:23:23 [notice] 16#16: start worker process 23
2023/10/31 04:23:23 [notice] 16#16: start worker process 24
2023/10/31 04:23:23 [notice] 16#16: start worker process 25
2023/10/31 04:23:23 [notice] 16#16: start worker process 26
2023/10/31 04:23:23 [notice] 16#16: start worker process 27
2023/10/31 04:23:23 [notice] 16#16: start worker process 28
2023/10/31 04:23:23 [notice] 16#16: start worker process 29
2023/10/31 04:23:23 [notice] 16#16: start worker process 30
2023/10/31 04:23:23 [notice] 16#16: start worker process 31
2023/10/31 04:23:23 [notice] 16#16: start worker process 32
2023/10/31 04:24:03 [notice] 16#16: using the "epoll" event method
2023/10/31 04:24:03 [notice] 16#16: nginx/1.25.2
2023/10/31 04:24:03 [notice] 16#16: built by gcc 10.2.1 20210110 (Debian 10.2.1-6) 
2023/10/31 04:24:03 [notice] 16#16: OS: Linux 5.15.90.1-microsoft-standard-WSL2
2023/10/31 04:24:03 [notice] 16#16: getrlimit(RLIMIT_NOFILE): 1048576:1048576
2023/10/31 04:24:03 [notice] 16#16: start worker processes
2023/10/31 04:24:03 [notice] 16#16: start worker process 17
2023/10/31 04:24:03 [notice] 16#16: start worker process 18
2023/10/31 04:24:03 [notice] 16#16: start worker process 19
2023/10/31 04:24:03 [notice] 16#16: start worker process 20
2023/10/31 04:24:03 [notice] 16#16: start worker process 21
2023/10/31 04:24:03 [notice] 16#16: start worker process 22
2023/10/31 04:24:03 [notice] 16#16: start worker process 23
2023/10/31 04:24:03 [notice] 16#16: start worker process 24
2023/10/31 04:24:03 [notice] 16#16: start worker process 25
2023/10/31 04:24:03 [notice] 16#16: start worker process 26
2023/10/31 04:24:03 [notice] 16#16: start worker process 27
2023/10/31 04:24:03 [notice] 16#16: start worker process 28
2023/10/31 04:24:03 [notice] 16#16: start worker process 29
2023/10/31 04:24:03 [notice] 16#16: start worker process 30
2023/10/31 04:24:03 [notice] 16#16: start worker process 31
2023/10/31 04:24:03 [notice] 16#16: start worker process 32
2023/10/31 04:30:48 [crit] 18#18: *2 connect() to unix:/run/php/php7.4-fpm.sock failed (2: No such file or directory) while connecting to upstream, client: 172.19.0.1, server: miduner.local, request: "GET /phpmyadmin/index.php?route=/ HTTP/1.1", upstream: "fastcgi://unix:/run/php/php7.4-fpm.sock:", host: "localhost"
